<?xml version="1.0" encoding="utf-8" standalone="no"?>
<!--This file represents the results of running a test suite-->
<test-results name="E:\Projects\TaskShelf\tests\bin\Debug\tests.dll" total="1" errors="0" failures="0" not-run="0" inconclusive="0" ignored="0" skipped="0" invalid="0" date="2015-07-18" time="17:40:51">
  <environment nunit-version="2.6.4.14350" clr-version="2.0.50727.8009" os-version="Microsoft Windows NT 6.2.9200.0" platform="Win32NT" cwd="E:\NUnit 2.6.4\bin" machine-name="ADMIN" user="Adm" user-domain="ADMIN" />
  <culture-info current-culture="pl-PL" current-uiculture="pl-PL" />
  <test-suite type="Assembly" name="E:\Projects\TaskShelf\tests\bin\Debug\tests.dll" executed="True" result="Success" success="True" time="4.355" asserts="0">
    <results>
      <test-suite type="Namespace" name="tests" executed="True" result="Success" success="True" time="4.355" asserts="0">
        <results>
          <test-suite type="TestFixture" name="UserServiceTests" executed="True" result="Success" success="True" time="4.354" asserts="0">
            <results>
              <test-case name="tests.UserServiceTests.AdminLogin" executed="True" result="Success" success="True" time="4.353" asserts="1" />
            </results>
          </test-suite>
        </results>
      </test-suite>
    </results>
  </test-suite>
</test-results>